cl : linha de comando  warning D9035: opção 'Gm' foi preterida e será removida em uma versão futura
cl : linha de comando  warning D9002: ignorando opção desconhecida '/wc4574'
  main.c
C:\Users\franc\Documents\Graduação - Engenharia Elétrica\Ênfases\Sistemas em tempo real\FreeRTOSv10.0.1\FreeRTOS\Demo\WIN32-MSVC\main.c(154,6): warning C4189: 'delayViaNS': variável local é inicializada mas não referenciada
C:\Users\franc\Documents\Graduação - Engenharia Elétrica\Ênfases\Sistemas em tempo real\FreeRTOSv10.0.1\FreeRTOS\Demo\WIN32-MSVC\main.c(155,6): warning C4189: 'delayViaEW': variável local é inicializada mas não referenciada
C:\Users\franc\Documents\Graduação - Engenharia Elétrica\Ênfases\Sistemas em tempo real\FreeRTOSv10.0.1\FreeRTOS\Demo\WIN32-MSVC\main.c(352,8): warning C4242: 'função': conversão de 'time_t' para 'unsigned int', possível perda de dados
C:\Users\franc\Documents\Graduação - Engenharia Elétrica\Ênfases\Sistemas em tempo real\FreeRTOSv10.0.1\FreeRTOS\Demo\WIN32-MSVC\main.c(522,34): warning C4020: 'animacaoSairE': muitos parâmetros reais
C:\Users\franc\Documents\Graduação - Engenharia Elétrica\Ênfases\Sistemas em tempo real\FreeRTOSv10.0.1\FreeRTOS\Demo\WIN32-MSVC\main.c(542,34): warning C4020: 'animacaoSairE': muitos parâmetros reais
C:\Users\franc\Documents\Graduação - Engenharia Elétrica\Ênfases\Sistemas em tempo real\FreeRTOSv10.0.1\FreeRTOS\Demo\WIN32-MSVC\main.c(606,34): warning C4020: 'animacaoSairE': muitos parâmetros reais
C:\Users\franc\Documents\Graduação - Engenharia Elétrica\Ênfases\Sistemas em tempo real\FreeRTOSv10.0.1\FreeRTOS\Demo\WIN32-MSVC\main.c(642,36): warning C4020: 'animacaoSairS': muitos parâmetros reais
C:\Users\franc\Documents\Graduação - Engenharia Elétrica\Ênfases\Sistemas em tempo real\FreeRTOSv10.0.1\FreeRTOS\Demo\WIN32-MSVC\main.c(734,36): warning C4020: 'animacaoSairS': muitos parâmetros reais
C:\Users\franc\Documents\Graduação - Engenharia Elétrica\Ênfases\Sistemas em tempo real\FreeRTOSv10.0.1\FreeRTOS\Demo\WIN32-MSVC\main.c(759,36): warning C4020: 'animacaoSairS': muitos parâmetros reais
C:\Users\franc\Documents\Graduação - Engenharia Elétrica\Ênfases\Sistemas em tempo real\FreeRTOSv10.0.1\FreeRTOS\Demo\WIN32-MSVC\main.c(786,36): warning C4020: 'animacaoSairS': muitos parâmetros reais
C:\Users\franc\Documents\Graduação - Engenharia Elétrica\Ênfases\Sistemas em tempo real\FreeRTOSv10.0.1\FreeRTOS\Demo\WIN32-MSVC\main.c(808,36): warning C4020: 'animacaoSairE': muitos parâmetros reais
C:\Users\franc\Documents\Graduação - Engenharia Elétrica\Ênfases\Sistemas em tempo real\FreeRTOSv10.0.1\FreeRTOS\Demo\WIN32-MSVC\main.c(834,36): warning C4020: 'animacaoSairE': muitos parâmetros reais
C:\Users\franc\Documents\Graduação - Engenharia Elétrica\Ênfases\Sistemas em tempo real\FreeRTOSv10.0.1\FreeRTOS\Demo\WIN32-MSVC\main.c(886,36): warning C4020: 'animacaoSairS': muitos parâmetros reais
C:\Users\franc\Documents\Graduação - Engenharia Elétrica\Ênfases\Sistemas em tempo real\FreeRTOSv10.0.1\FreeRTOS\Demo\WIN32-MSVC\main.c(899,36): warning C4020: 'animacaoSairE': muitos parâmetros reais
C:\Users\franc\Documents\Graduação - Engenharia Elétrica\Ênfases\Sistemas em tempo real\FreeRTOSv10.0.1\FreeRTOS\Demo\WIN32-MSVC\main.c(908,36): warning C4020: 'animacaoSairS': muitos parâmetros reais
C:\Users\franc\Documents\Graduação - Engenharia Elétrica\Ênfases\Sistemas em tempo real\FreeRTOSv10.0.1\FreeRTOS\Demo\WIN32-MSVC\main.c(956,14): warning C4113: 'void (__cdecl *)()' difere em listas de parâmetro de 'TaskFunction_t'
C:\Users\franc\Documents\Graduação - Engenharia Elétrica\Ênfases\Sistemas em tempo real\FreeRTOSv10.0.1\FreeRTOS\Demo\WIN32-MSVC\main.c(289): warning C5045: O compilador inserirá a mitigação de espectro para carga de memória se a opção /Qspectre for especificada
  C:\Users\franc\Documents\Graduação - Engenharia Elétrica\Ênfases\Sistemas em tempo real\FreeRTOSv10.0.1\FreeRTOS\Demo\WIN32-MSVC\main.c(288) : observação: o intervalo 'i' do índice verificado por comparação nessa linha
  C:\Users\franc\Documents\Graduação - Engenharia Elétrica\Ênfases\Sistemas em tempo real\FreeRTOSv10.0.1\FreeRTOS\Demo\WIN32-MSVC\main.c(289) : observação: chamada a feeds nessa linha
C:\Users\franc\Documents\Graduação - Engenharia Elétrica\Ênfases\Sistemas em tempo real\FreeRTOSv10.0.1\FreeRTOS\Demo\WIN32-MSVC\main.c(299): warning C5045: O compilador inserirá a mitigação de espectro para carga de memória se a opção /Qspectre for especificada
C:\Users\franc\Documents\Graduação - Engenharia Elétrica\Ênfases\Sistemas em tempo real\FreeRTOSv10.0.1\FreeRTOS\Demo\WIN32-MSVC\main.c(960,1): warning C4702: código inacessível
  C:\Users\franc\Documents\Graduação - Engenharia Elétrica\Ênfases\Sistemas em tempo real\FreeRTOSv10.0.1\FreeRTOS\Demo\WIN32-MSVC\main.c(298) : observação: o intervalo 'i' do índice verificado por comparação nessa linha
  C:\Users\franc\Documents\Graduação - Engenharia Elétrica\Ênfases\Sistemas em tempo real\FreeRTOSv10.0.1\FreeRTOS\Demo\WIN32-MSVC\main.c(299) : observação: chamada a feeds nessa linha
C:\Users\franc\Documents\Graduação - Engenharia Elétrica\Ênfases\Sistemas em tempo real\FreeRTOSv10.0.1\FreeRTOS\Demo\WIN32-MSVC\main.c(333): warning C5045: O compilador inserirá a mitigação de espectro para carga de memória se a opção /Qspectre for especificada
  C:\Users\franc\Documents\Graduação - Engenharia Elétrica\Ênfases\Sistemas em tempo real\FreeRTOSv10.0.1\FreeRTOS\Demo\WIN32-MSVC\main.c(331) : observação: o intervalo 'i' do índice verificado por comparação nessa linha
  C:\Users\franc\Documents\Graduação - Engenharia Elétrica\Ênfases\Sistemas em tempo real\FreeRTOSv10.0.1\FreeRTOS\Demo\WIN32-MSVC\main.c(333) : observação: chamada a feeds nessa linha
C:\Users\franc\Documents\Graduação - Engenharia Elétrica\Ênfases\Sistemas em tempo real\FreeRTOSv10.0.1\FreeRTOS\Demo\WIN32-MSVC\main.c(345): warning C5045: O compilador inserirá a mitigação de espectro para carga de memória se a opção /Qspectre for especificada
  C:\Users\franc\Documents\Graduação - Engenharia Elétrica\Ênfases\Sistemas em tempo real\FreeRTOSv10.0.1\FreeRTOS\Demo\WIN32-MSVC\main.c(343) : observação: o intervalo 'i' do índice verificado por comparação nessa linha
  C:\Users\franc\Documents\Graduação - Engenharia Elétrica\Ênfases\Sistemas em tempo real\FreeRTOSv10.0.1\FreeRTOS\Demo\WIN32-MSVC\main.c(345) : observação: chamada a feeds nessa linha
  WIN32.vcxproj -> C:\Users\franc\Documents\Graduação - Engenharia Elétrica\Ênfases\Sistemas em tempo real\FreeRTOSv10.0.1\FreeRTOS\Demo\WIN32-MSVC\Debug\RTOSDemo.exe
